<?xml version="1.0" encoding="UTF-8"?>
<!-- Generated by org.testng.reporters.JUnitReportReporter -->
<testsuite skipped="0" hostname="Raam" name="parallelScripts.NewTest2" tests="4" failures="0" timestamp="2023-03-03T17:44:54 IST" time="0.007" errors="0">
  <testcase name="testFour" time="0.002" classname="parallelScripts.NewTest2"/>
  <system-out/>
  <testcase name="testSecond" time="0.001" classname="parallelScripts.NewTest2"/>
  <system-out/>
  <testcase name="testThree" time="0.002" classname="parallelScripts.NewTest2"/>
  <system-out/>
  <testcase name="testOne" time="0.002" classname="parallelScripts.NewTest2"/>
  <system-out/>
</testsuite> <!-- parallelScripts.NewTest2 -->
