<?xml version="1.0" encoding="UTF-8"?>
<!-- Generated by org.testng.reporters.JUnitReportReporter -->
<testsuite skipped="0" hostname="Raam" name="parallelScripts.NewTest3" tests="4" failures="0" timestamp="2023-03-02T19:32:43 IST" time="0.016" errors="0">
  <testcase name="testFour" time="0.011" classname="parallelScripts.NewTest3"/>
  <system-out/>
  <testcase name="testOne" time="0.001" classname="parallelScripts.NewTest3"/>
  <system-out/>
  <testcase name="testThree" time="0.002" classname="parallelScripts.NewTest3"/>
  <system-out/>
  <testcase name="testSecond" time="0.002" classname="parallelScripts.NewTest3"/>
  <system-out/>
</testsuite> <!-- parallelScripts.NewTest3 -->
