<?xml version="1.0" encoding="UTF-8"?>
<!-- Generated by org.testng.reporters.JUnitReportReporter -->
<testsuite skipped="1" hostname="Raam" name="testScripts.DanubeStore" tests="4" failures="0" timestamp="2023-03-03T13:28:57 IST" time="22.946" errors="0">
  <testcase name="Reg" time="4.615" classname="testScripts.DanubeStore"/>
  <system-out/>
  <testcase name="checkout" time="3.653" classname="testScripts.DanubeStore"/>
  <system-out/>
  <testcase name="search" time="14.678" classname="testScripts.DanubeStore"/>
  <system-out/>
  <testcase name="Login" classname="testScripts.DanubeStore">
    <skipped/>
  </testcase> <!-- Login -->
  <system-out/>
</testsuite> <!-- testScripts.DanubeStore -->
