<?xml version="1.0" encoding="UTF-8"?>
<!-- Generated by org.testng.reporters.JUnitReportReporter -->
<testsuite skipped="0" hostname="Raam" name="testScripts.NewTest2" tests="2" failures="0" timestamp="2023-03-01T21:07:46 IST" time="0.010" errors="0">
  <testcase name="testOne" time="0.009" classname="testScripts.NewTest2"/>
  <system-out/>
  <testcase name="testSecond" time="0.001" classname="testScripts.NewTest2"/>
  <system-out/>
</testsuite> <!-- testScripts.NewTest2 -->
