<?xml version="1.0" encoding="UTF-8"?>
<!-- Generated by org.testng.reporters.JUnitReportReporter -->
<testsuite skipped="0" hostname="Raam" name="casestudy.CaseStudy" tests="1" failures="0" timestamp="2023-03-04T12:47:05 IST" time="1.214" errors="0">
  <testcase name="login" time="1.214" classname="casestudy.CaseStudy"/>
  <system-out/>
</testsuite> <!-- casestudy.CaseStudy -->
