<?xml version="1.0" encoding="UTF-8"?>
<!-- Generated by org.testng.reporters.JUnitReportReporter -->
<testsuite skipped="0" hostname="Raam" name="parallelScripts.NewTest4" tests="11" failures="0" timestamp="2023-03-02T19:44:48 IST" time="0.065" errors="0">
  <testcase name="testFour" time="0.002" classname="parallelScripts.NewTest4"/>
  <system-out/>
  <testcase name="testFour" time="0.002" classname="parallelScripts.NewTest4"/>
  <system-out/>
  <testcase name="testThree" time="0.001" classname="parallelScripts.NewTest4"/>
  <system-out/>
  <testcase name="testFour" time="0.005" classname="parallelScripts.NewTest4"/>
  <system-out/>
  <testcase name="testFour" time="0.015" classname="parallelScripts.NewTest4"/>
  <system-out/>
  <testcase name="testFour" time="0.015" classname="parallelScripts.NewTest4"/>
  <system-out/>
  <testcase name="testOne" time="0.002" classname="parallelScripts.NewTest4"/>
  <system-out/>
  <testcase name="testSecond" time="0.002" classname="parallelScripts.NewTest4"/>
  <system-out/>
  <testcase name="testFour" time="0.004" classname="parallelScripts.NewTest4"/>
  <system-out/>
  <testcase name="testFour" time="0.015" classname="parallelScripts.NewTest4"/>
  <system-out/>
  <testcase name="testFour" time="0.002" classname="parallelScripts.NewTest4"/>
  <system-out/>
</testsuite> <!-- parallelScripts.NewTest4 -->
