<?xml version="1.0" encoding="UTF-8"?>
<!-- Generated by org.testng.reporters.JUnitReportReporter -->
<testsuite skipped="0" hostname="Raam" name="testScripts.NewTest1" tests="4" failures="0" timestamp="2023-03-01T21:07:16 IST" time="0.010" errors="0">
  <testcase name="testThree" time="0.001" classname="testScripts.NewTest1"/>
  <system-out/>
  <testcase name="testFour" time="0.007" classname="testScripts.NewTest1"/>
  <system-out/>
  <testcase name="testOne" time="0.001" classname="testScripts.NewTest1"/>
  <system-out/>
  <testcase name="testSecond" time="0.001" classname="testScripts.NewTest1"/>
  <system-out/>
</testsuite> <!-- testScripts.NewTest1 -->
