<?xml version="1.0" encoding="UTF-8"?>
<!-- Generated by org.testng.reporters.JUnitReportReporter -->
<testsuite skipped="0" hostname="Raam" name="dbTesting.UserinfoTest" tests="1" failures="0" timestamp="2023-03-07T10:37:25 IST" time="0.019" errors="0">
  <testcase name="test" time="0.019" classname="dbTesting.UserinfoTest"/>
  <system-out/>
</testsuite> <!-- dbTesting.UserinfoTest -->
