<?xml version="1.0" encoding="UTF-8"?>
<!-- Generated by org.testng.reporters.JUnitReportReporter -->
<testsuite skipped="0" hostname="Raam" name="parallelScripts.NewTest1" tests="2" failures="0" timestamp="2023-03-03T17:52:38 IST" time="12.096" errors="0">
  <testcase name="testThree" time="7.658" classname="parallelScripts.NewTest1"/>
  <system-out/>
  <testcase name="testFour" time="4.438" classname="parallelScripts.NewTest1"/>
  <system-out/>
</testsuite> <!-- parallelScripts.NewTest1 -->
